[2023-07-25 20:35:03,694] {taskinstance.py:1179} INFO - Dependencies all met for <TaskInstance: fetch_exchange_rates_dag.fetch_exchange_rates_task scheduled__2023-07-25T06:20:00+00:00 [queued]>
[2023-07-25 20:35:03,709] {taskinstance.py:1179} INFO - Dependencies all met for <TaskInstance: fetch_exchange_rates_dag.fetch_exchange_rates_task scheduled__2023-07-25T06:20:00+00:00 [queued]>
[2023-07-25 20:35:03,710] {taskinstance.py:1376} INFO - 
--------------------------------------------------------------------------------
[2023-07-25 20:35:03,711] {taskinstance.py:1377} INFO - Starting attempt 1 of 1
[2023-07-25 20:35:03,712] {taskinstance.py:1378} INFO - 
--------------------------------------------------------------------------------
[2023-07-25 20:35:03,736] {taskinstance.py:1397} INFO - Executing <Task(PythonOperator): fetch_exchange_rates_task> on 2023-07-25 06:20:00+00:00
[2023-07-25 20:35:03,743] {standard_task_runner.py:52} INFO - Started process 8918 to run task
[2023-07-25 20:35:03,755] {standard_task_runner.py:79} INFO - Running: ['***', 'tasks', 'run', 'fetch_exchange_rates_dag', 'fetch_exchange_rates_task', 'scheduled__2023-07-25T06:20:00+00:00', '--job-id', '132', '--raw', '--subdir', 'DAGS_FOLDER/my_calc_rates.py', '--cfg-path', '/tmp/tmpuz7uczoz', '--error-file', '/tmp/tmpi4zdix54']
[2023-07-25 20:35:03,757] {standard_task_runner.py:80} INFO - Job 132: Subtask fetch_exchange_rates_task
[2023-07-25 20:35:03,882] {task_command.py:371} INFO - Running <TaskInstance: fetch_exchange_rates_dag.fetch_exchange_rates_task scheduled__2023-07-25T06:20:00+00:00 [running]> on host 661c8d62a693
[2023-07-25 20:35:03,992] {taskinstance.py:1591} INFO - Exporting the following env vars:
AIRFLOW_CTX_DAG_OWNER=marina_z
AIRFLOW_CTX_DAG_ID=fetch_exchange_rates_dag
AIRFLOW_CTX_TASK_ID=fetch_exchange_rates_task
AIRFLOW_CTX_EXECUTION_DATE=2023-07-25T06:20:00+00:00
AIRFLOW_CTX_TRY_NUMBER=1
AIRFLOW_CTX_DAG_RUN_ID=scheduled__2023-07-25T06:20:00+00:00
[2023-07-25 20:35:26,345] {taskinstance.py:1909} ERROR - Task failed with exception
Traceback (most recent call last):
  File "/home/airflow/.local/lib/python3.7/site-packages/urllib3/connectionpool.py", line 710, in urlopen
    chunked=chunked,
  File "/home/airflow/.local/lib/python3.7/site-packages/urllib3/connectionpool.py", line 386, in _make_request
    self._validate_conn(conn)
  File "/home/airflow/.local/lib/python3.7/site-packages/urllib3/connectionpool.py", line 1040, in _validate_conn
    conn.connect()
  File "/home/airflow/.local/lib/python3.7/site-packages/urllib3/connection.py", line 424, in connect
    tls_in_tls=tls_in_tls,
  File "/home/airflow/.local/lib/python3.7/site-packages/urllib3/util/ssl_.py", line 450, in ssl_wrap_socket
    sock, context, tls_in_tls, server_hostname=server_hostname
  File "/home/airflow/.local/lib/python3.7/site-packages/urllib3/util/ssl_.py", line 493, in _ssl_wrap_socket_impl
    return ssl_context.wrap_socket(sock, server_hostname=server_hostname)
  File "/usr/local/lib/python3.7/ssl.py", line 423, in wrap_socket
    session=session
  File "/usr/local/lib/python3.7/ssl.py", line 870, in _create
    self.do_handshake()
  File "/usr/local/lib/python3.7/ssl.py", line 1139, in do_handshake
    self._sslobj.do_handshake()
OSError: [Errno 0] Error

During handling of the above exception, another exception occurred:

Traceback (most recent call last):
  File "/home/airflow/.local/lib/python3.7/site-packages/requests/adapters.py", line 499, in send
    timeout=timeout,
  File "/home/airflow/.local/lib/python3.7/site-packages/urllib3/connectionpool.py", line 786, in urlopen
    method, url, error=e, _pool=self, _stacktrace=sys.exc_info()[2]
  File "/home/airflow/.local/lib/python3.7/site-packages/urllib3/util/retry.py", line 550, in increment
    raise six.reraise(type(error), error, _stacktrace)
  File "/home/airflow/.local/lib/python3.7/site-packages/urllib3/packages/six.py", line 769, in reraise
    raise value.with_traceback(tb)
  File "/home/airflow/.local/lib/python3.7/site-packages/urllib3/connectionpool.py", line 710, in urlopen
    chunked=chunked,
  File "/home/airflow/.local/lib/python3.7/site-packages/urllib3/connectionpool.py", line 386, in _make_request
    self._validate_conn(conn)
  File "/home/airflow/.local/lib/python3.7/site-packages/urllib3/connectionpool.py", line 1040, in _validate_conn
    conn.connect()
  File "/home/airflow/.local/lib/python3.7/site-packages/urllib3/connection.py", line 424, in connect
    tls_in_tls=tls_in_tls,
  File "/home/airflow/.local/lib/python3.7/site-packages/urllib3/util/ssl_.py", line 450, in ssl_wrap_socket
    sock, context, tls_in_tls, server_hostname=server_hostname
  File "/home/airflow/.local/lib/python3.7/site-packages/urllib3/util/ssl_.py", line 493, in _ssl_wrap_socket_impl
    return ssl_context.wrap_socket(sock, server_hostname=server_hostname)
  File "/usr/local/lib/python3.7/ssl.py", line 423, in wrap_socket
    session=session
  File "/usr/local/lib/python3.7/ssl.py", line 870, in _create
    self.do_handshake()
  File "/usr/local/lib/python3.7/ssl.py", line 1139, in do_handshake
    self._sslobj.do_handshake()
urllib3.exceptions.ProtocolError: ('Connection aborted.', OSError(0, 'Error'))

During handling of the above exception, another exception occurred:

Traceback (most recent call last):
  File "/home/airflow/.local/lib/python3.7/site-packages/airflow/operators/python.py", line 171, in execute
    return_value = self.execute_callable()
  File "/home/airflow/.local/lib/python3.7/site-packages/airflow/operators/python.py", line 189, in execute_callable
    return self.python_callable(*self.op_args, **self.op_kwargs)
  File "/opt/airflow/dags/my_calc_rates.py", line 60, in fetch_exchange_rates
    'format': format
  File "/home/airflow/.local/lib/python3.7/site-packages/requests/api.py", line 73, in get
    return request("get", url, params=params, **kwargs)
  File "/home/airflow/.local/lib/python3.7/site-packages/requests/api.py", line 59, in request
    return session.request(method=method, url=url, **kwargs)
  File "/home/airflow/.local/lib/python3.7/site-packages/requests/sessions.py", line 587, in request
    resp = self.send(prep, **send_kwargs)
  File "/home/airflow/.local/lib/python3.7/site-packages/requests/sessions.py", line 701, in send
    r = adapter.send(request, **kwargs)
  File "/home/airflow/.local/lib/python3.7/site-packages/requests/adapters.py", line 547, in send
    raise ConnectionError(err, request=request)
requests.exceptions.ConnectionError: ('Connection aborted.', OSError(0, 'Error'))
[2023-07-25 20:35:26,365] {taskinstance.py:1420} INFO - Marking task as FAILED. dag_id=fetch_exchange_rates_dag, task_id=fetch_exchange_rates_task, execution_date=20230725T062000, start_date=20230725T203503, end_date=20230725T203526
[2023-07-25 20:35:26,375] {standard_task_runner.py:97} ERROR - Failed to execute job 132 for task fetch_exchange_rates_task (('Connection aborted.', OSError(0, 'Error')); 8918)
[2023-07-25 20:35:26,412] {local_task_job.py:156} INFO - Task exited with return code 1
[2023-07-25 20:35:26,433] {local_task_job.py:273} INFO - 0 downstream tasks scheduled from follow-on schedule check
[2023-07-25 20:35:26,455] {dagrun.py:549} ERROR - Marking run <DagRun fetch_exchange_rates_dag @ 2023-07-25 06:20:00+00:00: scheduled__2023-07-25T06:20:00+00:00, externally triggered: False> failed
[2023-07-25 20:35:26,458] {dagrun.py:624} INFO - DagRun Finished: dag_id=fetch_exchange_rates_dag, execution_date=2023-07-25 06:20:00+00:00, run_id=scheduled__2023-07-25T06:20:00+00:00, run_start_date=2023-07-25 20:35:01.471411+00:00, run_end_date=2023-07-25 20:35:26.458110+00:00, run_duration=24.986699, state=failed, external_trigger=False, run_type=scheduled, data_interval_start=2023-07-25 06:20:00+00:00, data_interval_end=2023-07-25 06:30:00+00:00, dag_hash=f21fa080e5a621e4314bd316e3cdd0d8
[2023-07-26 05:04:16,334] {taskinstance.py:1179} INFO - Dependencies all met for <TaskInstance: fetch_exchange_rates_dag.fetch_exchange_rates_task scheduled__2023-07-25T06:20:00+00:00 [queued]>
[2023-07-26 05:04:16,360] {taskinstance.py:1179} INFO - Dependencies all met for <TaskInstance: fetch_exchange_rates_dag.fetch_exchange_rates_task scheduled__2023-07-25T06:20:00+00:00 [queued]>
[2023-07-26 05:04:16,368] {taskinstance.py:1376} INFO - 
--------------------------------------------------------------------------------
[2023-07-26 05:04:16,369] {taskinstance.py:1377} INFO - Starting attempt 1 of 1
[2023-07-26 05:04:16,370] {taskinstance.py:1378} INFO - 
--------------------------------------------------------------------------------
[2023-07-26 05:04:16,425] {taskinstance.py:1397} INFO - Executing <Task(PythonOperator): fetch_exchange_rates_task> on 2023-07-25 06:20:00+00:00
[2023-07-26 05:04:16,434] {standard_task_runner.py:52} INFO - Started process 631 to run task
[2023-07-26 05:04:16,440] {standard_task_runner.py:79} INFO - Running: ['***', 'tasks', 'run', 'fetch_exchange_rates_dag', 'fetch_exchange_rates_task', 'scheduled__2023-07-25T06:20:00+00:00', '--job-id', '135', '--raw', '--subdir', 'DAGS_FOLDER/my_calc_rates.py', '--cfg-path', '/tmp/tmpth7k2pr7', '--error-file', '/tmp/tmpqbzb6j46']
[2023-07-26 05:04:16,446] {standard_task_runner.py:80} INFO - Job 135: Subtask fetch_exchange_rates_task
[2023-07-26 05:04:16,652] {task_command.py:371} INFO - Running <TaskInstance: fetch_exchange_rates_dag.fetch_exchange_rates_task scheduled__2023-07-25T06:20:00+00:00 [running]> on host acb6bca32630
[2023-07-26 05:04:16,809] {taskinstance.py:1591} INFO - Exporting the following env vars:
AIRFLOW_CTX_DAG_OWNER=marina_z
AIRFLOW_CTX_DAG_ID=fetch_exchange_rates_dag
AIRFLOW_CTX_TASK_ID=fetch_exchange_rates_task
AIRFLOW_CTX_EXECUTION_DATE=2023-07-25T06:20:00+00:00
AIRFLOW_CTX_TRY_NUMBER=1
AIRFLOW_CTX_DAG_RUN_ID=scheduled__2023-07-25T06:20:00+00:00
[2023-07-26 05:04:17,226] {logging_mixin.py:115} INFO - Save a new file exchange_latest_BTC.csv
[2023-07-26 05:04:17,227] {logging_mixin.py:115} INFO - Create a new table exchange_latest_BTC
[2023-07-26 05:04:17,234] {logging_mixin.py:115} INFO - Insert into table exchange_latest_BTC
[2023-07-26 05:04:17,605] {logging_mixin.py:115} INFO - Save a new file exchange_latest_EUR.csv
[2023-07-26 05:04:17,606] {logging_mixin.py:115} INFO - Create a new table exchange_latest_EUR
[2023-07-26 05:04:17,612] {logging_mixin.py:115} INFO - Insert into table exchange_latest_EUR
[2023-07-26 05:04:17,994] {logging_mixin.py:115} INFO - Save a new file exchange_latest_GBR.csv
[2023-07-26 05:04:17,998] {logging_mixin.py:115} INFO - Create a new table exchange_latest_GBR
[2023-07-26 05:04:18,006] {logging_mixin.py:115} INFO - Insert into table exchange_latest_GBR
[2023-07-26 05:04:18,367] {logging_mixin.py:115} INFO - Save a new file exchange_latest_JPY.csv
[2023-07-26 05:04:18,367] {logging_mixin.py:115} INFO - Create a new table exchange_latest_JPY
[2023-07-26 05:04:18,374] {logging_mixin.py:115} INFO - Insert into table exchange_latest_JPY
[2023-07-26 05:04:18,736] {logging_mixin.py:115} INFO - Save a new file exchange_latest_CNY.csv
[2023-07-26 05:04:18,737] {logging_mixin.py:115} INFO - Create a new table exchange_latest_CNY
[2023-07-26 05:04:18,743] {logging_mixin.py:115} INFO - Insert into table exchange_latest_CNY
[2023-07-26 05:04:18,762] {python.py:173} INFO - Done. Returned value was: None
[2023-07-26 05:04:18,790] {taskinstance.py:1420} INFO - Marking task as SUCCESS. dag_id=fetch_exchange_rates_dag, task_id=fetch_exchange_rates_task, execution_date=20230725T062000, start_date=20230726T050416, end_date=20230726T050418
[2023-07-26 05:04:18,868] {local_task_job.py:156} INFO - Task exited with return code 0
[2023-07-26 05:04:18,941] {local_task_job.py:273} INFO - 1 downstream tasks scheduled from follow-on schedule check
